<?xml version="1.0" encoding="UTF-8"?>
<!-- Generated by org.testng.reporters.JUnitXMLReporter -->
<testsuite ignored="3" hostname="Whos" failures="0" tests="1" name="Test login functionality with valid user name and invalid password" time="18.651" errors="0" timestamp="2024-01-15T11:53:14 EET">
  <testcase classname="testcases.TC01_login" name="loginWithInvalidPassword_N" time="4.789"/>
  <testcase classname="testcases.TC01_login" name="loginWithInvalidCredential_N" time="0.0">
    <ignored/>
  </testcase> <!-- loginWithInvalidCredential_N -->
  <testcase classname="testcases.TC01_login" name="loginWithValidUser_P" time="0.0">
    <ignored/>
  </testcase> <!-- loginWithValidUser_P -->
  <testcase classname="testcases.TC01_login" name="loginWithInvalidUser_N" time="0.0">
    <ignored/>
  </testcase> <!-- loginWithInvalidUser_N -->
</testsuite> <!-- Test login functionality with valid user name and invalid password -->
