<?xml version="1.0" encoding="UTF-8"?>
<!-- Generated by org.testng.reporters.JUnitXMLReporter -->
<testsuite ignored="3" hostname="Whos" failures="0" tests="1" name="Test Login functionality with invalid user name and valid password" time="26.406" errors="0" timestamp="2024-01-15T11:52:55 EET">
  <testcase classname="testcases.TC01_login" name="loginWithInvalidUser_N" time="10.557"/>
  <testcase classname="testcases.TC01_login" name="loginWithInvalidCredential_N" time="0.0">
    <ignored/>
  </testcase> <!-- loginWithInvalidCredential_N -->
  <testcase classname="testcases.TC01_login" name="loginWithInvalidPassword_N" time="0.0">
    <ignored/>
  </testcase> <!-- loginWithInvalidPassword_N -->
  <testcase classname="testcases.TC01_login" name="loginWithValidUser_P" time="0.0">
    <ignored/>
  </testcase> <!-- loginWithValidUser_P -->
</testsuite> <!-- Test Login functionality with invalid user name and valid password -->
