<?xml version="1.0" encoding="UTF-8"?>
<!-- Generated by org.testng.reporters.JUnitXMLReporter -->
<testsuite ignored="3" hostname="Whos" failures="0" tests="1" name="Test login functionality with invalid credential" time="13.673" errors="0" timestamp="2024-01-15T11:53:27 EET">
  <testcase classname="testcases.TC01_login" name="loginWithInvalidCredential_N" time="2.904"/>
  <testcase classname="testcases.TC01_login" name="loginWithValidUser_P" time="0.0">
    <ignored/>
  </testcase> <!-- loginWithValidUser_P -->
  <testcase classname="testcases.TC01_login" name="loginWithInvalidUser_N" time="0.0">
    <ignored/>
  </testcase> <!-- loginWithInvalidUser_N -->
  <testcase classname="testcases.TC01_login" name="loginWithInvalidPassword_N" time="0.0">
    <ignored/>
  </testcase> <!-- loginWithInvalidPassword_N -->
</testsuite> <!-- Test login functionality with invalid credential -->
