<?xml version="1.0" encoding="UTF-8"?>
<!-- Generated by org.testng.reporters.JUnitXMLReporter -->
<testsuite ignored="3" hostname="Whos" failures="0" tests="1" name="Login" time="44.958" errors="0" timestamp="2024-01-03T23:04:49 EET">
  <testcase classname="testcases.TC01_login" name="loginWithValidUser_P" time="5.239"/>
  <testcase classname="testcases.TC01_login" name="loginWithInvalidUser_N" time="0.0">
    <ignored/>
  </testcase> <!-- loginWithInvalidUser_N -->
  <testcase classname="testcases.TC01_login" name="loginWithInvalidCredential_N" time="0.0">
    <ignored/>
  </testcase> <!-- loginWithInvalidCredential_N -->
  <testcase classname="testcases.TC01_login" name="loginWithInvalidPassword_N" time="0.0">
    <ignored/>
  </testcase> <!-- loginWithInvalidPassword_N -->
</testsuite> <!-- Login -->
