<?xml version="1.0" encoding="UTF-8"?>
<testng-results ignored="0" total="1" passed="1" failed="0" skipped="0">
  <reporter-output>
  </reporter-output>
  <suite started-at="2024-01-22T18:29:30 EET" name="PositiveScenarios" finished-at="2024-01-22T18:30:00 EET" duration-ms="30468">
    <groups>
    </groups>
    <test started-at="2024-01-22T18:29:30 EET" name="Search on admin User" finished-at="2024-01-22T18:30:00 EET" duration-ms="30468">
      <class name="testcases.TC03_AddNewAdminUser">
        <test-method is-config="true" signature="defineSuiteElements()[pri:0, instance:testcases.TC03_AddNewAdminUser@215a0264]" started-at="2024-01-22T18:29:28 EET" name="defineSuiteElements" finished-at="2024-01-22T18:29:30 EET" duration-ms="1258" status="PASS">
          <reporter-output>
          </reporter-output>
        </test-method> <!-- defineSuiteElements -->
        <test-method is-config="true" signature="setup(java.lang.String)[pri:0, instance:testcases.TC03_AddNewAdminUser@215a0264]" started-at="2024-01-22T18:29:30 EET" name="setup" finished-at="2024-01-22T18:29:37 EET" duration-ms="7677" status="PASS">
          <params>
            <param index="0">
              <value>
                <![CDATA[]]>
              </value>
            </param>
          </params>
          <reporter-output>
          </reporter-output>
        </test-method> <!-- setup -->
        <test-method signature="createNewAdminUser_P()[pri:1, instance:testcases.TC03_AddNewAdminUser@215a0264]" started-at="2024-01-22T18:29:37 EET" name="createNewAdminUser_P" description="create new Admin user" finished-at="2024-01-22T18:29:59 EET" duration-ms="21599" status="PASS">
          <reporter-output>
          </reporter-output>
        </test-method> <!-- createNewAdminUser_P -->
        <test-method is-config="true" signature="getResult(org.testng.ITestResult)[pri:0, instance:testcases.TC03_AddNewAdminUser@215a0264]" started-at="2024-01-22T18:29:59 EET" name="getResult" finished-at="2024-01-22T18:29:59 EET" duration-ms="30" status="PASS">
          <params>
            <param index="0">
              <value>
                <![CDATA[[TestResult name=createNewAdminUser_P status=SUCCESS method=TC03_AddNewAdminUser.createNewAdminUser_P()[pri:1, instance:testcases.TC03_AddNewAdminUser@215a0264] output={null}]]]>
              </value>
            </param>
          </params>
          <reporter-output>
          </reporter-output>
        </test-method> <!-- getResult -->
        <test-method is-config="true" signature="close()[pri:0, instance:testcases.TC03_AddNewAdminUser@215a0264]" started-at="2024-01-22T18:29:59 EET" name="close" finished-at="2024-01-22T18:30:00 EET" duration-ms="734" status="PASS">
          <reporter-output>
          </reporter-output>
        </test-method> <!-- close -->
        <test-method is-config="true" signature="tearDown()[pri:0, instance:testcases.TC03_AddNewAdminUser@215a0264]" started-at="2024-01-22T18:30:00 EET" name="tearDown" finished-at="2024-01-22T18:30:02 EET" duration-ms="1365" status="PASS">
          <reporter-output>
          </reporter-output>
        </test-method> <!-- tearDown -->
      </class> <!-- testcases.TC03_AddNewAdminUser -->
    </test> <!-- Search on admin User -->
  </suite> <!-- PositiveScenarios -->
</testng-results>
